<?xml version="1.0" encoding="UTF-8"?>
<testsuite name="ParserTest" tests="1" skipped="0" failures="0" errors="0" timestamp="2024-04-24T11:50:02" hostname="DESKTOP-VN9NC6Q" time="0.012">
  <properties/>
  <testcase name="testSortByArea()" classname="ParserTest" time="0.012"/>
  <system-out><![CDATA[]]></system-out>
  <system-err><![CDATA[]]></system-err>
</testsuite>
